Initalizing nu density look up table... Done
Loading  simplemc/data/data_used_by_Tula/ESO0140040.dat
INFO:simplemc:Using 2 processors of 8 .
INFO:simplemc:
	nlivepoints: 100
	accuracy: 0.02
	nested type: multi
	engine: dynesty
it: 1408 | ncall: 6041 | eff: 23.324 | logz: -38.7531 | dlogz: 0.0202 | loglstar: -28.6509 | point -23.97790552  -2.9026931 67384
Summary
=======
nlive: 100
niter: 1408
ncall: 6041
eff(%): 24.979
logz: -38.733 +/-  0.427
Initalizing nu density look up table... Done
Loading  simplemc/data/data_used_by_Tula/ESO0140040.dat
INFO:simplemc:Using 2 processors of 8 .
INFO:simplemc:
	nlivepoints: 100
	accuracy: 0.02
	nested type: multi
	engine: dynesty
it: 1342 | ncall: 6407 | eff: 20.961 | logz: -38.0933 | dlogz: 0.0201 | loglstar: -28.6551 | point -23.97873592  -2.9038829534936
Summary
=======
nlive: 100
niter: 1342
ncall: 6407
eff(%): 22.522
logz: -38.074 +/-  0.412
